2022-03-14 09:43:05,292 --- --------------------Started running script!
2022-03-14 09:43:05,294 --- Starting new HTTPS connection (1): service.berlin.de:443
2022-03-14 09:43:07,079 --- https://service.berlin.de:443 "GET /terminvereinbarung/termin/tag.php?id=3061&anliegen%5B%5D=120691 HTTP/1.1" 302 0
2022-03-14 09:43:08,706 --- https://service.berlin.de:443 "GET /terminvereinbarung/termin/day/ HTTP/1.1" 200 None
2022-03-14 09:43:08,708 --- Connect to url: https://service.berlin.de/terminvereinbarung/termin/tag.php?id=3061&anliegen[]=120691#&termin=1&dienstleister=327437&anliegen[]=120691&herkunft=1
2022-03-14 09:43:08,708 --- Successfully retrieved page!
2022-03-14 09:43:08,753 --- Found calendar month März 2022 in Termin webpage
2022-03-14 09:43:08,754 --- Total number of dates in März 2022: 33
2022-03-14 09:43:08,754 --- Number of bookable dates in März 2022: 0
2022-03-14 09:43:08,754 --- Number of not bookable dates in März 2022: 11
2022-03-14 09:43:08,754 --- Found calendar month April 2022 in Termin webpage
2022-03-14 09:43:08,755 --- Total number of dates in April 2022: 32
2022-03-14 09:43:08,755 --- Number of bookable dates in April 2022: 0
2022-03-14 09:43:08,755 --- Number of not bookable dates in April 2022: 13
2022-03-14 09:43:08,756 --- Starting new HTTPS connection (1): service.berlin.de:443
2022-03-14 09:43:09,881 --- https://service.berlin.de:443 "GET /terminvereinbarung/termin/day/1648764000/ HTTP/1.1" 302 0
2022-03-14 09:43:10,940 --- https://service.berlin.de:443 "GET /terminvereinbarung/termin/stop/ HTTP/1.1" 200 None
2022-03-14 09:43:10,942 --- Connect to url: https://service.berlin.de/terminvereinbarung/termin/day/1648764000/
2022-03-14 09:43:10,942 --- Successfully retrieved page!
2022-03-14 09:43:10,962 --- --------------------Finished running script!
