2022-07-14 22:05:30,493 --- Started running script!
2022-07-14 22:05:30,493 --- Checking appointments in https://service.berlin.de/terminvereinbarung/termin/tag.php?termin=1&dienstleister=122276&anliegen[]=120686&herkunft=1
2022-07-14 22:05:30,873 --- Checking appointments in https://service.berlin.de/terminvereinbarung/termin/day/1659304800/
2022-07-14 22:05:31,098 --- Numer of bookable dates in Juli 2022: 0
2022-07-14 22:05:31,098 --- Numer of not-available dates in Juli 2022: 11
2022-07-14 22:05:31,098 --- Numer of bookable dates in August 2022: 0
2022-07-14 22:05:31,098 --- Numer of not-available dates in August 2022: 23
2022-07-14 22:05:31,098 --- Finished running script!
2022-07-14 22:14:48,130 --- Started running script!
2022-07-14 22:14:48,130 --- Checking appointments in https://service.berlin.de/terminvereinbarung/termin/tag.php?termin=1&dienstleister=122276&anliegen[]=120686&herkunft=1
2022-07-14 22:14:48,521 --- Checking appointments in https://service.berlin.de/terminvereinbarung/termin/day/1659304800/
2022-07-14 22:14:48,740 --- Numer of bookable dates in Juli 2022: 0
2022-07-14 22:14:48,740 --- Numer of not-available dates in Juli 2022: 11
2022-07-14 22:14:48,740 --- Numer of bookable dates in August 2022: 0
2022-07-14 22:14:48,740 --- Numer of not-available dates in August 2022: 23
2022-07-14 22:14:48,740 --- Finished running script!
2022-07-14 20:21:15,105 --- Started running script!
2022-07-14 20:21:15,106 --- Checking appointments in https://service.berlin.de/terminvereinbarung/termin/tag.php?termin=1&dienstleister=122276&anliegen[]=120686&herkunft=1
2022-07-14 20:21:16,136 --- Checking appointments in https://service.berlin.de/terminvereinbarung/termin/day/1659304800/
2022-07-14 20:21:16,873 --- Numer of bookable dates in Juli 2022: 0
2022-07-14 20:21:16,873 --- Numer of not-available dates in Juli 2022: 11
2022-07-14 20:21:16,873 --- Numer of bookable dates in August 2022: 0
2022-07-14 20:21:16,873 --- Numer of not-available dates in August 2022: 23
2022-07-14 20:21:16,873 --- Finished running script!
2022-07-14 20:33:06,401 --- Started running script!
2022-07-14 20:33:06,401 --- Checking appointments in https://service.berlin.de/terminvereinbarung/termin/tag.php?termin=1&dienstleister=122276&anliegen[]=120686&herkunft=1
2022-07-14 20:33:07,200 --- Checking appointments in https://service.berlin.de/terminvereinbarung/termin/day/1659304800/
2022-07-14 20:33:07,761 --- Numer of bookable dates in Juli 2022: 0
2022-07-14 20:33:07,761 --- Numer of not-available dates in Juli 2022: 11
2022-07-14 20:33:07,761 --- Numer of bookable dates in August 2022: 0
2022-07-14 20:33:07,761 --- Numer of not-available dates in August 2022: 23
2022-07-14 20:33:07,761 --- Finished running script!
2022-07-14 20:45:16,556 --- Started running script!
2022-07-14 20:45:16,556 --- Checking appointments in https://service.berlin.de/terminvereinbarung/termin/tag.php?termin=1&dienstleister=122276&anliegen[]=120686&herkunft=1
2022-07-14 20:45:17,514 --- Checking appointments in https://service.berlin.de/terminvereinbarung/termin/day/1659304800/
2022-07-14 20:45:18,160 --- Numer of bookable dates in Juli 2022: 0
2022-07-14 20:45:18,160 --- Numer of not-available dates in Juli 2022: 11
2022-07-14 20:45:18,160 --- Numer of bookable dates in August 2022: 0
2022-07-14 20:45:18,160 --- Numer of not-available dates in August 2022: 23
2022-07-14 20:45:18,160 --- Finished running script!
2022-07-14 21:08:50,779 --- Started running script!
2022-07-14 21:08:50,779 --- Checking appointments in https://service.berlin.de/terminvereinbarung/termin/tag.php?termin=1&dienstleister=122276&anliegen[]=120686&herkunft=1
2022-07-14 21:08:51,944 --- Checking appointments in https://service.berlin.de/terminvereinbarung/termin/day/1659304800/
2022-07-14 21:08:52,777 --- Numer of bookable dates in Juli 2022: 0
2022-07-14 21:08:52,777 --- Numer of not-available dates in Juli 2022: 11
2022-07-14 21:08:52,777 --- Numer of bookable dates in August 2022: 0
2022-07-14 21:08:52,777 --- Numer of not-available dates in August 2022: 23
2022-07-14 21:08:52,778 --- Finished running script!
2022-07-14 21:30:39,836 --- Started running script!
2022-07-14 21:30:39,836 --- Checking appointments in https://service.berlin.de/terminvereinbarung/termin/tag.php?termin=1&dienstleister=122276&anliegen[]=120686&herkunft=1
2022-07-14 21:30:40,813 --- Checking appointments in https://service.berlin.de/terminvereinbarung/termin/day/1659304800/
2022-07-14 21:30:41,517 --- Numer of bookable dates in Juli 2022: 0
2022-07-14 21:30:41,517 --- Numer of not-available dates in Juli 2022: 11
2022-07-14 21:30:41,517 --- Numer of bookable dates in August 2022: 0
2022-07-14 21:30:41,517 --- Numer of not-available dates in August 2022: 23
2022-07-14 21:30:41,517 --- Finished running script!
2022-07-14 21:44:06,687 --- Started running script!
2022-07-14 21:44:06,687 --- Checking appointments in https://service.berlin.de/terminvereinbarung/termin/tag.php?termin=1&dienstleister=122276&anliegen[]=120686&herkunft=1
2022-07-14 21:44:07,617 --- Checking appointments in https://service.berlin.de/terminvereinbarung/termin/day/1659304800/
2022-07-14 21:44:08,184 --- Numer of bookable dates in Juli 2022: 0
2022-07-14 21:44:08,184 --- Numer of not-available dates in Juli 2022: 11
2022-07-14 21:44:08,184 --- Numer of bookable dates in August 2022: 0
2022-07-14 21:44:08,184 --- Numer of not-available dates in August 2022: 23
2022-07-14 21:44:08,184 --- Finished running script!
2022-07-14 22:08:59,678 --- Started running script!
2022-07-14 22:08:59,678 --- Checking appointments in https://service.berlin.de/terminvereinbarung/termin/tag.php?termin=1&dienstleister=122276&anliegen[]=120686&herkunft=1
2022-07-14 22:09:00,668 --- Checking appointments in https://service.berlin.de/terminvereinbarung/termin/day/1659304800/
2022-07-14 22:09:01,372 --- Numer of bookable dates in Juli 2022: 0
2022-07-14 22:09:01,372 --- Numer of not-available dates in Juli 2022: 11
2022-07-14 22:09:01,372 --- Numer of bookable dates in August 2022: 0
2022-07-14 22:09:01,372 --- Numer of not-available dates in August 2022: 23
2022-07-14 22:09:01,372 --- Finished running script!
2022-07-14 22:33:02,291 --- Started running script!
2022-07-14 22:33:02,291 --- Checking appointments in https://service.berlin.de/terminvereinbarung/termin/tag.php?termin=1&dienstleister=122276&anliegen[]=120686&herkunft=1
2022-07-14 22:33:03,324 --- Checking appointments in https://service.berlin.de/terminvereinbarung/termin/day/1659304800/
2022-07-14 22:33:03,895 --- Numer of bookable dates in Juli 2022: 0
2022-07-14 22:33:03,895 --- Numer of not-available dates in Juli 2022: 11
2022-07-14 22:33:03,895 --- Numer of bookable dates in August 2022: 0
2022-07-14 22:33:03,895 --- Numer of not-available dates in August 2022: 23
2022-07-14 22:33:03,895 --- Finished running script!
2022-07-14 22:44:55,599 --- Started running script!
2022-07-14 22:44:55,599 --- Checking appointments in https://service.berlin.de/terminvereinbarung/termin/tag.php?termin=1&dienstleister=122276&anliegen[]=120686&herkunft=1
2022-07-14 22:44:56,447 --- Checking appointments in https://service.berlin.de/terminvereinbarung/termin/day/1659304800/
2022-07-14 22:44:57,041 --- Numer of bookable dates in Juli 2022: 0
2022-07-14 22:44:57,041 --- Numer of not-available dates in Juli 2022: 11
2022-07-14 22:44:57,041 --- Numer of bookable dates in August 2022: 0
2022-07-14 22:44:57,041 --- Numer of not-available dates in August 2022: 23
2022-07-14 22:44:57,041 --- Finished running script!
